1693922824836	geckodriver	INFO	Listening on 127.0.0.1:51989
1693922827895	mozrunner::runner	INFO	Running command: "C:\\Program Files\\Mozilla Firefox\\firefox.exe" "--marionette" "--remote-debugging-port" "51990" "--remote-allow-hosts" "localhost" "-no-remote" "-profile" "C:\\Users\\jornb\\AppData\\Local\\Temp\\rust_mozprofileynEfCZ"
console.warn: services.settings: Ignoring preference override of remote settings server
console.warn: services.settings: Allow by setting MOZ_REMOTE_SETTINGS_DEVTOOLS=1 in the environment
1693922828670	Marionette	INFO	Marionette enabled
Dynamically enable window occlusion 0
1693922828744	Marionette	INFO	Listening on port 52012
WebDriver BiDi listening on ws://127.0.0.1:51990
Read port: 52012
1693922828812	RemoteAgent	WARN	TLS certificate errors will be ignored for this session
DevTools listening on ws://127.0.0.1:51990/devtools/browser/9bf9b745-ab71-428b-a5a5-c8fa493035ed
1693922847911	Marionette	INFO	Stopped listening on port 52012
Dynamically enable window occlusion 1
1693922919230	geckodriver	INFO	Listening on 127.0.0.1:52262
1693922922279	mozrunner::runner	INFO	Running command: "C:\\Program Files\\Mozilla Firefox\\firefox.exe" "--marionette" "--remote-debugging-port" "52263" "--remote-allow-hosts" "localhost" "-no-remote" "-profile" "C:\\Users\\jornb\\AppData\\Local\\Temp\\rust_mozprofilevD5QpT"
console.warn: services.settings: Ignoring preference override of remote settings server
console.warn: services.settings: Allow by setting MOZ_REMOTE_SETTINGS_DEVTOOLS=1 in the environment
1693922922569	Marionette	INFO	Marionette enabled
Dynamically enable window occlusion 0
1693922922630	Marionette	INFO	Listening on port 52283
WebDriver BiDi listening on ws://127.0.0.1:52263
Read port: 52283
1693922922808	RemoteAgent	WARN	TLS certificate errors will be ignored for this session
DevTools listening on ws://127.0.0.1:52263/devtools/browser/c8af4e7c-722e-4d6f-8eaf-c32e06c18a20
1693922940129	Marionette	INFO	Stopped listening on port 52283
Dynamically enable window occlusion 1
1693923095329	geckodriver	INFO	Listening on 127.0.0.1:52748
1693923098377	mozrunner::runner	INFO	Running command: "C:\\Program Files\\Mozilla Firefox\\firefox.exe" "--marionette" "--remote-debugging-port" "52749" "--remote-allow-hosts" "localhost" "-no-remote" "-profile" "C:\\Users\\jornb\\AppData\\Local\\Temp\\rust_mozprofile8flZIl"
console.warn: services.settings: Ignoring preference override of remote settings server
console.warn: services.settings: Allow by setting MOZ_REMOTE_SETTINGS_DEVTOOLS=1 in the environment
1693923098671	Marionette	INFO	Marionette enabled
Dynamically enable window occlusion 0
1693923098731	Marionette	INFO	Listening on port 52768
WebDriver BiDi listening on ws://127.0.0.1:52749
Read port: 52768
1693923098907	RemoteAgent	WARN	TLS certificate errors will be ignored for this session
DevTools listening on ws://127.0.0.1:52749/devtools/browser/a0bbb057-ae6c-4ee3-9622-9fbde6cc1b4a
1693923115451	Marionette	INFO	Stopped listening on port 52768
Dynamically enable window occlusion 1
1694173432418	geckodriver	INFO	Listening on 127.0.0.1:62936
1694173435479	mozrunner::runner	INFO	Running command: "C:\\Program Files\\Mozilla Firefox\\firefox.exe" "--marionette" "--remote-debugging-port" "62937" "--remote-allow-hosts" "localhost" "-no-remote" "-profile" "C:\\Users\\jornb\\AppData\\Local\\Temp\\rust_mozprofilemxDy29"
console.warn: services.settings: Ignoring preference override of remote settings server
console.warn: services.settings: Allow by setting MOZ_REMOTE_SETTINGS_DEVTOOLS=1 in the environment
1694173435857	Marionette	INFO	Marionette enabled
Dynamically enable window occlusion 0
1694173435930	Marionette	INFO	Listening on port 62947
WebDriver BiDi listening on ws://127.0.0.1:62937
Read port: 62947
1694173436131	RemoteAgent	WARN	TLS certificate errors will be ignored for this session
DevTools listening on ws://127.0.0.1:62937/devtools/browser/a2724c98-d543-4299-a6fe-a21a99887053
1694173449013	Marionette	INFO	Stopped listening on port 62947
Dynamically enable window occlusion 1
1694173649513	geckodriver	INFO	Listening on 127.0.0.1:63211
1694173652561	mozrunner::runner	INFO	Running command: "C:\\Program Files\\Mozilla Firefox\\firefox.exe" "--marionette" "--remote-debugging-port" "63212" "--remote-allow-hosts" "localhost" "-no-remote" "-profile" "C:\\Users\\jornb\\AppData\\Local\\Temp\\rust_mozprofileUm6pk1"
console.warn: services.settings: Ignoring preference override of remote settings server
console.warn: services.settings: Allow by setting MOZ_REMOTE_SETTINGS_DEVTOOLS=1 in the environment
1694173652854	Marionette	INFO	Marionette enabled
Dynamically enable window occlusion 0
1694173652913	Marionette	INFO	Listening on port 63224
WebDriver BiDi listening on ws://127.0.0.1:63212
Read port: 63224
1694173653093	RemoteAgent	WARN	TLS certificate errors will be ignored for this session
DevTools listening on ws://127.0.0.1:63212/devtools/browser/6622e3cf-bd82-4e7b-ada1-e1be5e6ce39a
1694173673592	Marionette	INFO	Stopped listening on port 63224
Dynamically enable window occlusion 1
1694173727471	geckodriver	INFO	Listening on 127.0.0.1:63410
1694173730528	mozrunner::runner	INFO	Running command: "C:\\Program Files\\Mozilla Firefox\\firefox.exe" "--marionette" "--remote-debugging-port" "63411" "--remote-allow-hosts" "localhost" "-no-remote" "-profile" "C:\\Users\\jornb\\AppData\\Local\\Temp\\rust_mozprofileo3X99S"
console.warn: services.settings: Ignoring preference override of remote settings server
console.warn: services.settings: Allow by setting MOZ_REMOTE_SETTINGS_DEVTOOLS=1 in the environment
1694173730872	Marionette	INFO	Marionette enabled
Dynamically enable window occlusion 0
1694173730959	Marionette	INFO	Listening on port 63428
Read port: 63428
WebDriver BiDi listening on ws://127.0.0.1:63411
1694173731024	RemoteAgent	WARN	TLS certificate errors will be ignored for this session
DevTools listening on ws://127.0.0.1:63411/devtools/browser/728b69ba-77ba-4c97-8b17-4ccf5632af09
1694173747531	Marionette	INFO	Stopped listening on port 63428
Dynamically enable window occlusion 1
1695027096227	geckodriver	INFO	Listening on 127.0.0.1:63889
1695027099276	mozrunner::runner	INFO	Running command: "C:\\Program Files\\Mozilla Firefox\\firefox.exe" "--marionette" "--remote-debugging-port" "63890" "--remote-allow-hosts" "localhost" "-no-remote" "-profile" "C:\\Users\\jornb\\AppData\\Local\\Temp\\rust_mozprofileFpcMGK"
console.warn: services.settings: Ignoring preference override of remote settings server
console.warn: services.settings: Allow by setting MOZ_REMOTE_SETTINGS_DEVTOOLS=1 in the environment
1695027099681	Marionette	INFO	Marionette enabled
Dynamically enable window occlusion 0
1695027099752	Marionette	INFO	Listening on port 63897
WebDriver BiDi listening on ws://127.0.0.1:63890
Read port: 63897
1695027099971	RemoteAgent	WARN	TLS certificate errors will be ignored for this session
DevTools listening on ws://127.0.0.1:63890/devtools/browser/83556ef9-7990-4102-bcc3-d75bb6d20d35
1695027109516	Marionette	WARN	Ignoring event 'pageshow' because document has an invalid readyState of 'uninitialized'.
1695027112347	Marionette	WARN	Ignoring event 'pageshow' because document has an invalid readyState of 'uninitialized'.
1695027115369	Marionette	WARN	Ignoring event 'pageshow' because document has an invalid readyState of 'uninitialized'.
1695027125247	Marionette	INFO	Stopped listening on port 63897
Dynamically enable window occlusion 1
1695027125269	WebDriver BiDi	ERROR	Failed to stop protocol: [Exception... "Component returned failure code: 0x80040111 (NS_ERROR_NOT_AVAILABLE) [nsICertOverrideService.setDisableAllSecurityChecksAndLetAttackersInterceptMyData]"  nsresult: "0x80040111 (NS_ERROR_NOT_AVAILABLE)"  location: "JS frame :: chrome://remote/content/marionette/cert.sys.mjs :: allowAllCerts.disable :: line 51"  data: no] Stack trace: allowAllCerts.disable()@cert.sys.mjs:51
destroy()@Session.sys.mjs:215
deleteSession()@WebDriverBiDi.sys.mjs:140
stop()@WebDriverBiDi.sys.mjs:228
JavaScript error: chrome://remote/content/marionette/cert.sys.mjs, line 51: NS_ERROR_NOT_AVAILABLE: Component returned failure code: 0x80040111 (NS_ERROR_NOT_AVAILABLE) [nsICertOverrideService.setDisableAllSecurityChecksAndLetAttackersInterceptMyData]
1695027130523	geckodriver	INFO	Listening on 127.0.0.1:63931
1695027133578	mozrunner::runner	INFO	Running command: "C:\\Program Files\\Mozilla Firefox\\firefox.exe" "--marionette" "--remote-debugging-port" "63932" "--remote-allow-hosts" "localhost" "-no-remote" "-profile" "C:\\Users\\jornb\\AppData\\Local\\Temp\\rust_mozprofileUpHWxM"
console.warn: services.settings: Ignoring preference override of remote settings server
console.warn: services.settings: Allow by setting MOZ_REMOTE_SETTINGS_DEVTOOLS=1 in the environment
1695027133871	Marionette	INFO	Marionette enabled
Dynamically enable window occlusion 0
1695027133932	Marionette	INFO	Listening on port 63939
WebDriver BiDi listening on ws://127.0.0.1:63932
Read port: 63939
1695027134112	RemoteAgent	WARN	TLS certificate errors will be ignored for this session
DevTools listening on ws://127.0.0.1:63932/devtools/browser/373ffe0d-3a1f-48cf-9c08-7a4c8f931440
1695027151929	Marionette	INFO	Stopped listening on port 63939
Dynamically enable window occlusion 1
1699438738504	geckodriver	INFO	Listening on 127.0.0.1:56032
1699438741556	mozrunner::runner	INFO	Running command: "C:\\Program Files\\Mozilla Firefox\\firefox.exe" "--marionette" "--remote-debugging-port" "56033" "--remote-allow-hosts" "localhost" "-no-remote" "-profile" "C:\\Users\\jornb\\AppData\\Local\\Temp\\rust_mozprofileJpKgnH"
console.warn: services.settings: Ignoring preference override of remote settings server
console.warn: services.settings: Allow by setting MOZ_REMOTE_SETTINGS_DEVTOOLS=1 in the environment
1699438741905	Marionette	INFO	Marionette enabled
Dynamically enable window occlusion 0
1699438741978	Marionette	INFO	Listening on port 56040
WebDriver BiDi listening on ws://127.0.0.1:56033
Read port: 56040
1699438742132	RemoteAgent	WARN	TLS certificate errors will be ignored for this session
DevTools listening on ws://127.0.0.1:56033/devtools/browser/f728ad68-06b5-411e-9add-339620ceeb5f
1699438759365	Marionette	INFO	Stopped listening on port 56040
Dynamically enable window occlusion 1
1701694154311	geckodriver	INFO	Listening on 127.0.0.1:58204
1701694157355	mozrunner::runner	INFO	Running command: "C:\\Program Files\\Mozilla Firefox\\firefox.exe" "--marionette" "--remote-debugging-port" "58205" "--remote-allow-hosts" "localhost" "-no-remote" "-profile" "C:\\Users\\jornb\\AppData\\Local\\Temp\\rust_mozprofile5O8qCy"
console.warn: services.settings: Ignoring preference override of remote settings server
console.warn: services.settings: Allow by setting MOZ_REMOTE_SETTINGS_DEVTOOLS=1 in the environment
1701694157822	Marionette	INFO	Marionette enabled
Dynamically enable window occlusion 0
1701694157901	Marionette	INFO	Listening on port 58220
WebDriver BiDi listening on ws://127.0.0.1:58205
Read port: 58220
1701694158084	RemoteAgent	WARN	TLS certificate errors will be ignored for this session
DevTools listening on ws://127.0.0.1:58205/devtools/browser/c44d9f4b-9ff5-42f1-8e60-54a1d3971c76
1701694188022	addons.xpi	ERROR	System addon update list error SyntaxError: XMLHttpRequest.open: 'http://%(server)s/dummy-system-addons.xml' is not a valid URL.
JavaScript error: resource://gre/modules/AsyncShutdown.sys.mjs, line 573: NotFoundError: No such JSWindowActor 'DevToolsFrame'
1701694351020	Marionette	INFO	Stopped listening on port 58220
Dynamically enable window occlusion 1
1701694423246	geckodriver	INFO	Listening on 127.0.0.1:58747
1701694426316	mozrunner::runner	INFO	Running command: "C:\\Program Files\\Mozilla Firefox\\firefox.exe" "--marionette" "--remote-debugging-port" "58748" "--remote-allow-hosts" "localhost" "-no-remote" "-profile" "C:\\Users\\jornb\\AppData\\Local\\Temp\\rust_mozprofileK8MCwM"
console.warn: services.settings: Ignoring preference override of remote settings server
console.warn: services.settings: Allow by setting MOZ_REMOTE_SETTINGS_DEVTOOLS=1 in the environment
1701694426634	Marionette	INFO	Marionette enabled
Dynamically enable window occlusion 0
1701694426696	Marionette	INFO	Listening on port 58765
WebDriver BiDi listening on ws://127.0.0.1:58748
Read port: 58765
1701694426833	RemoteAgent	WARN	TLS certificate errors will be ignored for this session
DevTools listening on ws://127.0.0.1:58748/devtools/browser/4a0e91df-5920-4203-b407-322ce9a684bd
1701694443660	Marionette	INFO	Stopped listening on port 58765
Dynamically enable window occlusion 1
1701694456656	geckodriver	INFO	Listening on 127.0.0.1:58859
1701694459702	mozrunner::runner	INFO	Running command: "C:\\Program Files\\Mozilla Firefox\\firefox.exe" "--marionette" "--remote-debugging-port" "58860" "--remote-allow-hosts" "localhost" "-no-remote" "-profile" "C:\\Users\\jornb\\AppData\\Local\\Temp\\rust_mozprofilexvccvl"
console.warn: services.settings: Ignoring preference override of remote settings server
console.warn: services.settings: Allow by setting MOZ_REMOTE_SETTINGS_DEVTOOLS=1 in the environment
1701694460028	Marionette	INFO	Marionette enabled
Dynamically enable window occlusion 0
1701694460090	Marionette	INFO	Listening on port 58878
WebDriver BiDi listening on ws://127.0.0.1:58860
Read port: 58878
1701694460226	RemoteAgent	WARN	TLS certificate errors will be ignored for this session
DevTools listening on ws://127.0.0.1:58860/devtools/browser/8e0d2597-9d5f-482f-81d5-ae3fc438df88
1701694492330	addons.xpi	ERROR	System addon update list error SyntaxError: XMLHttpRequest.open: 'http://%(server)s/dummy-system-addons.xml' is not a valid URL.
1701694525974	Marionette	INFO	Stopped listening on port 58878
Dynamically enable window occlusion 1
1701694559478	geckodriver	INFO	Listening on 127.0.0.1:59156
1701694562517	mozrunner::runner	INFO	Running command: "C:\\Program Files\\Mozilla Firefox\\firefox.exe" "--marionette" "--remote-debugging-port" "59157" "--remote-allow-hosts" "localhost" "-no-remote" "-profile" "C:\\Users\\jornb\\AppData\\Local\\Temp\\rust_mozprofileFa6hd3"
console.warn: services.settings: Ignoring preference override of remote settings server
console.warn: services.settings: Allow by setting MOZ_REMOTE_SETTINGS_DEVTOOLS=1 in the environment
1701694562843	Marionette	INFO	Marionette enabled
Dynamically enable window occlusion 0
1701694562906	Marionette	INFO	Listening on port 59174
WebDriver BiDi listening on ws://127.0.0.1:59157
Read port: 59174
1701694563044	RemoteAgent	WARN	TLS certificate errors will be ignored for this session
DevTools listening on ws://127.0.0.1:59157/devtools/browser/1a46a0d5-708a-4566-acf5-26817405a8c8
1701694592858	addons.xpi	ERROR	System addon update list error SyntaxError: XMLHttpRequest.open: 'http://%(server)s/dummy-system-addons.xml' is not a valid URL.
Exiting due to channel error.
1701694775811	geckodriver	INFO	Listening on 127.0.0.1:59814
1701694778868	mozrunner::runner	INFO	Running command: "C:\\Program Files\\Mozilla Firefox\\firefox.exe" "--marionette" "--remote-debugging-port" "59815" "--remote-allow-hosts" "localhost" "-no-remote" "-profile" "C:\\Users\\jornb\\AppData\\Local\\Temp\\rust_mozprofilehXP3JO"
console.warn: services.settings: Ignoring preference override of remote settings server
console.warn: services.settings: Allow by setting MOZ_REMOTE_SETTINGS_DEVTOOLS=1 in the environment
1701694779205	Marionette	INFO	Marionette enabled
Dynamically enable window occlusion 0
1701694779270	Marionette	INFO	Listening on port 59835
WebDriver BiDi listening on ws://127.0.0.1:59815
Read port: 59835
1701694779404	RemoteAgent	WARN	TLS certificate errors will be ignored for this session
DevTools listening on ws://127.0.0.1:59815/devtools/browser/1aad132f-d6ad-440b-9778-dbd1d96a7e6f
1701694810930	addons.xpi	ERROR	System addon update list error SyntaxError: XMLHttpRequest.open: 'http://%(server)s/dummy-system-addons.xml' is not a valid URL.
1701694817922	Marionette	INFO	Stopped listening on port 59835
Dynamically enable window occlusion 1
1729085060014	geckodriver	INFO	Listening on 127.0.0.1:54279
1729085063068	mozrunner::runner	INFO	Running command: "C:\\Program Files\\Mozilla Firefox\\firefox.exe" "--marionette" "--remote-debugging-port" "54280" "--remote-allow-hosts" "localhost" "-no-remote" "-profile" "C:\\Users\\cvhLa\\AppData\\Local\\Temp\\rust_mozprofiletpS76h"
console.warn: services.settings: Ignoring preference override of remote settings server
console.warn: services.settings: Allow by setting MOZ_REMOTE_SETTINGS_DEVTOOLS=1 in the environment
Dynamically enable window occlusion 0
1729085063288	Marionette	INFO	Marionette enabled
1729085063392	Marionette	INFO	Listening on port 54298
Read port: 54298
WebDriver BiDi listening on ws://127.0.0.1:54280
1729085063443	RemoteAgent	WARN	TLS certificate errors will be ignored for this session
1729085071209	Marionette	INFO	Stopped listening on port 54298
Dynamically enable window occlusion 1
1729085100683	geckodriver	INFO	Listening on 127.0.0.1:54433
1729085103748	mozrunner::runner	INFO	Running command: "C:\\Program Files\\Mozilla Firefox\\firefox.exe" "--marionette" "--remote-debugging-port" "54434" "--remote-allow-hosts" "localhost" "-no-remote" "-profile" "C:\\Users\\cvhLa\\AppData\\Local\\Temp\\rust_mozprofileNlpvp7"
console.warn: services.settings: Ignoring preference override of remote settings server
console.warn: services.settings: Allow by setting MOZ_REMOTE_SETTINGS_DEVTOOLS=1 in the environment
Dynamically enable window occlusion 0
1729085103994	Marionette	INFO	Marionette enabled
1729085104105	Marionette	INFO	Listening on port 54452
WebDriver BiDi listening on ws://127.0.0.1:54434
Read port: 54452
1729085104230	RemoteAgent	WARN	TLS certificate errors will be ignored for this session
1729085109263	Marionette	INFO	Stopped listening on port 54452
Dynamically enable window occlusion 1
1729085413151	geckodriver	INFO	Listening on 127.0.0.1:55500
1729085416200	mozrunner::runner	INFO	Running command: "C:\\Program Files\\Mozilla Firefox\\firefox.exe" "--marionette" "--remote-debugging-port" "55501" "--remote-allow-hosts" "localhost" "-no-remote" "-profile" "C:\\Users\\cvhLa\\AppData\\Local\\Temp\\rust_mozprofile7ApP3b"
console.warn: services.settings: Ignoring preference override of remote settings server
console.warn: services.settings: Allow by setting MOZ_REMOTE_SETTINGS_DEVTOOLS=1 in the environment
Dynamically enable window occlusion 0
1729085416452	Marionette	INFO	Marionette enabled
1729085416550	Marionette	INFO	Listening on port 55518
WebDriver BiDi listening on ws://127.0.0.1:55501
Read port: 55518
1729085416671	RemoteAgent	WARN	TLS certificate errors will be ignored for this session
console.error: (new NotFoundError("Could not create directory `C:\\Users\\jornb\\Documents\\GitHub\\ot2new\\Execution code for OT2\\Incubator\\OT2DirectprotocolCustomizer\\Webdriver\\Firefox download test' (NS_ERROR_FILE_NOT_FOUND)", (void 0)))
console.error: (new NotFoundError("Could not create directory `C:\\Users\\jornb\\Documents\\GitHub\\ot2new\\Execution code for OT2\\Incubator\\OT2DirectprotocolCustomizer\\Webdriver\\Firefox download test' (NS_ERROR_FILE_NOT_FOUND)", (void 0)))
console.error: (new NotFoundError("Could not create directory `C:\\Users\\jornb\\Documents\\GitHub\\ot2new\\Execution code for OT2\\Incubator\\OT2DirectprotocolCustomizer\\Webdriver\\Firefox download test' (NS_ERROR_FILE_NOT_FOUND)", (void 0)))
1729085434226	Marionette	INFO	Stopped listening on port 55518
Dynamically enable window occlusion 1
1729085709933	geckodriver	INFO	Listening on 127.0.0.1:56601
1729085712974	mozrunner::runner	INFO	Running command: "C:\\Program Files\\Mozilla Firefox\\firefox.exe" "--marionette" "--remote-debugging-port" "56602" "--remote-allow-hosts" "localhost" "-no-remote" "-profile" "C:\\Users\\cvhLa\\AppData\\Local\\Temp\\rust_mozprofileGUSpMQ"
console.warn: services.settings: Ignoring preference override of remote settings server
console.warn: services.settings: Allow by setting MOZ_REMOTE_SETTINGS_DEVTOOLS=1 in the environment
Dynamically enable window occlusion 0
1729085713193	Marionette	INFO	Marionette enabled
1729085713294	Marionette	INFO	Listening on port 56626
WebDriver BiDi listening on ws://127.0.0.1:56602
Read port: 56626
1729085713388	RemoteAgent	WARN	TLS certificate errors will be ignored for this session
console.error: (new NotFoundError("Could not create directory `C:\\Users\\User\\Desktop\\User input (for direct)' (NS_ERROR_FILE_NOT_FOUND)", (void 0)))
console.error: (new NotFoundError("Could not create directory `C:\\Users\\User\\Desktop\\User input (for direct)' (NS_ERROR_FILE_NOT_FOUND)", (void 0)))
console.error: (new NotFoundError("Could not create directory `C:\\Users\\User\\Desktop\\User input (for direct)' (NS_ERROR_FILE_NOT_FOUND)", (void 0)))
1729085740078	Marionette	INFO	Stopped listening on port 56626
Dynamically enable window occlusion 1
1729088183526	geckodriver	INFO	Listening on 127.0.0.1:49967
1729088186563	mozrunner::runner	INFO	Running command: "C:\\Program Files\\Mozilla Firefox\\firefox.exe" "--marionette" "--remote-debugging-port" "49968" "--remote-allow-hosts" "localhost" "-no-remote" "-profile" "C:\\Users\\cvhLa\\AppData\\Local\\Temp\\rust_mozprofileNvVHeL"
console.warn: services.settings: Ignoring preference override of remote settings server
console.warn: services.settings: Allow by setting MOZ_REMOTE_SETTINGS_DEVTOOLS=1 in the environment
Dynamically enable window occlusion 0
1729088186978	Marionette	INFO	Marionette enabled
1729088187089	Marionette	INFO	Listening on port 49975
WebDriver BiDi listening on ws://127.0.0.1:49968
Read port: 49975
1729088187210	RemoteAgent	WARN	TLS certificate errors will be ignored for this session
console.error: (new NotFoundError("Could not create directory `C:\\Users\\User\\Desktop\\User input (for direct)' (NS_ERROR_FILE_NOT_FOUND)", (void 0)))
console.error: (new NotFoundError("Could not create directory `C:\\Users\\User\\Desktop\\User input (for direct)' (NS_ERROR_FILE_NOT_FOUND)", (void 0)))
console.error: (new NotFoundError("Could not create directory `C:\\Users\\User\\Desktop\\User input (for direct)' (NS_ERROR_FILE_NOT_FOUND)", (void 0)))
1729088206701	Marionette	INFO	Stopped listening on port 49975
Dynamically enable window occlusion 1
1729088519166	geckodriver	INFO	Listening on 127.0.0.1:50094
1729088522164	mozrunner::runner	INFO	Running command: "C:\\Program Files\\Mozilla Firefox\\firefox.exe" "--marionette" "--remote-debugging-port" "50095" "--remote-allow-hosts" "localhost" "-no-remote" "-profile" "C:\\Users\\cvhLa\\AppData\\Local\\Temp\\rust_mozprofileDPxBEx"
console.warn: services.settings: Ignoring preference override of remote settings server
console.warn: services.settings: Allow by setting MOZ_REMOTE_SETTINGS_DEVTOOLS=1 in the environment
Dynamically enable window occlusion 0
1729088522420	Marionette	INFO	Marionette enabled
1729088522518	Marionette	INFO	Listening on port 50104
WebDriver BiDi listening on ws://127.0.0.1:50095
Read port: 50104
1729088522624	RemoteAgent	WARN	TLS certificate errors will be ignored for this session
console.error: (new NotFoundError("Could not create directory `C:\\Users\\User\\Desktop\\User input (for direct)' (NS_ERROR_FILE_NOT_FOUND)", (void 0)))
console.error: (new NotFoundError("Could not create directory `C:\\Users\\User\\Desktop\\User input (for direct)' (NS_ERROR_FILE_NOT_FOUND)", (void 0)))
console.error: (new NotFoundError("Could not create directory `C:\\Users\\User\\Desktop\\User input (for direct)' (NS_ERROR_FILE_NOT_FOUND)", (void 0)))
1729088540026	Marionette	INFO	Stopped listening on port 50104
Dynamically enable window occlusion 1
1729088754750	geckodriver	INFO	Listening on 127.0.0.1:50277
1729088757836	mozrunner::runner	INFO	Running command: "C:\\Program Files\\Mozilla Firefox\\firefox.exe" "--marionette" "--remote-debugging-port" "50278" "--remote-allow-hosts" "localhost" "-no-remote" "-profile" "C:\\Users\\cvhLa\\AppData\\Local\\Temp\\rust_mozprofileSMdUpD"
console.warn: services.settings: Ignoring preference override of remote settings server
console.warn: services.settings: Allow by setting MOZ_REMOTE_SETTINGS_DEVTOOLS=1 in the environment
Dynamically enable window occlusion 0
1729088758074	Marionette	INFO	Marionette enabled
1729088758170	Marionette	INFO	Listening on port 50289
Read port: 50289
WebDriver BiDi listening on ws://127.0.0.1:50278
1729088758212	RemoteAgent	WARN	TLS certificate errors will be ignored for this session
console.error: (new NotFoundError("Could not create directory `C:\\Users\\User\\Desktop\\User input (for direct)' (NS_ERROR_FILE_NOT_FOUND)", (void 0)))
console.error: (new NotFoundError("Could not create directory `C:\\Users\\User\\Desktop\\User input (for direct)' (NS_ERROR_FILE_NOT_FOUND)", (void 0)))
console.error: (new NotFoundError("Could not create directory `C:\\Users\\User\\Desktop\\User input (for direct)' (NS_ERROR_FILE_NOT_FOUND)", (void 0)))
1729088785678	Marionette	INFO	Stopped listening on port 50289
Dynamically enable window occlusion 1
1729163655609	geckodriver	INFO	Listening on 127.0.0.1:61295
1729163658628	mozrunner::runner	INFO	Running command: "C:\\Program Files\\Mozilla Firefox\\firefox.exe" "--marionette" "--remote-debugging-port" "61296" "--remote-allow-hosts" "localhost" "-no-remote" "-profile" "C:\\Users\\cvhLa\\AppData\\Local\\Temp\\rust_mozprofilebaXjPp"
console.warn: services.settings: Ignoring preference override of remote settings server
console.warn: services.settings: Allow by setting MOZ_REMOTE_SETTINGS_DEVTOOLS=1 in the environment
Dynamically enable window occlusion 0
1729163658863	Marionette	INFO	Marionette enabled
1729163658975	Marionette	INFO	Listening on port 61305
WebDriver BiDi listening on ws://127.0.0.1:61296
Read port: 61305
1729163659095	RemoteAgent	WARN	TLS certificate errors will be ignored for this session
console.error: (new NotFoundError("Could not create directory `C:\\Users\\User\\Desktop\\User input (for direct)' (NS_ERROR_FILE_NOT_FOUND)", (void 0)))
console.error: (new NotFoundError("Could not create directory `C:\\Users\\User\\Desktop\\User input (for direct)' (NS_ERROR_FILE_NOT_FOUND)", (void 0)))
console.error: (new NotFoundError("Could not create directory `C:\\Users\\User\\Desktop\\User input (for direct)' (NS_ERROR_FILE_NOT_FOUND)", (void 0)))
1729163680163	Marionette	INFO	Stopped listening on port 61305
Dynamically enable window occlusion 1
1729163918703	geckodriver	INFO	Listening on 127.0.0.1:61593
1729163921709	mozrunner::runner	INFO	Running command: "C:\\Program Files\\Mozilla Firefox\\firefox.exe" "--marionette" "--remote-debugging-port" "61594" "--remote-allow-hosts" "localhost" "-no-remote" "-profile" "C:\\Users\\cvhLa\\AppData\\Local\\Temp\\rust_mozprofileX962oI"
console.warn: services.settings: Ignoring preference override of remote settings server
console.warn: services.settings: Allow by setting MOZ_REMOTE_SETTINGS_DEVTOOLS=1 in the environment
Dynamically enable window occlusion 0
1729163921933	Marionette	INFO	Marionette enabled
1729163922045	Marionette	INFO	Listening on port 61607
WebDriver BiDi listening on ws://127.0.0.1:61594
Read port: 61607
1729163922154	RemoteAgent	WARN	TLS certificate errors will be ignored for this session
console.error: (new NotFoundError("Could not create directory `C:\\Users\\User\\Desktop\\User input (for direct)' (NS_ERROR_FILE_NOT_FOUND)", (void 0)))
console.error: (new NotFoundError("Could not create directory `C:\\Users\\User\\Desktop\\User input (for direct)' (NS_ERROR_FILE_NOT_FOUND)", (void 0)))
console.error: (new NotFoundError("Could not create directory `C:\\Users\\User\\Desktop\\User input (for direct)' (NS_ERROR_FILE_NOT_FOUND)", (void 0)))
1729163940692	Marionette	INFO	Stopped listening on port 61607
Dynamically enable window occlusion 1
1729164081023	geckodriver	INFO	Listening on 127.0.0.1:61792
1729164084034	mozrunner::runner	INFO	Running command: "C:\\Program Files\\Mozilla Firefox\\firefox.exe" "--marionette" "--remote-debugging-port" "61793" "--remote-allow-hosts" "localhost" "-no-remote" "-profile" "C:\\Users\\cvhLa\\AppData\\Local\\Temp\\rust_mozprofileK7bRNI"
console.warn: services.settings: Ignoring preference override of remote settings server
console.warn: services.settings: Allow by setting MOZ_REMOTE_SETTINGS_DEVTOOLS=1 in the environment
Dynamically enable window occlusion 0
1729164084261	Marionette	INFO	Marionette enabled
1729164084371	Marionette	INFO	Listening on port 61806
WebDriver BiDi listening on ws://127.0.0.1:61793
Read port: 61806
1729164084479	RemoteAgent	WARN	TLS certificate errors will be ignored for this session
console.error: (new NotFoundError("Could not create directory `C:\\Users\\User\\Desktop\\User input (for direct)' (NS_ERROR_FILE_NOT_FOUND)", (void 0)))
console.error: (new NotFoundError("Could not create directory `C:\\Users\\User\\Desktop\\User input (for direct)' (NS_ERROR_FILE_NOT_FOUND)", (void 0)))
1729164113615	Marionette	INFO	Stopped listening on port 61806
Dynamically enable window occlusion 1
1729164622623	geckodriver	INFO	Listening on 127.0.0.1:62476
1729164625627	mozrunner::runner	INFO	Running command: "C:\\Program Files\\Mozilla Firefox\\firefox.exe" "--marionette" "--remote-debugging-port" "62477" "--remote-allow-hosts" "localhost" "-no-remote" "-profile" "C:\\Users\\cvhLa\\AppData\\Local\\Temp\\rust_mozprofileEzMmhz"
console.warn: services.settings: Ignoring preference override of remote settings server
console.warn: services.settings: Allow by setting MOZ_REMOTE_SETTINGS_DEVTOOLS=1 in the environment
Dynamically enable window occlusion 0
1729164625852	Marionette	INFO	Marionette enabled
1729164625964	Marionette	INFO	Listening on port 62486
WebDriver BiDi listening on ws://127.0.0.1:62477
Read port: 62486
1729164626079	RemoteAgent	WARN	TLS certificate errors will be ignored for this session
1729164642401	Marionette	INFO	Stopped listening on port 62486
Dynamically enable window occlusion 1
1729164704455	geckodriver	INFO	Listening on 127.0.0.1:62585
1729164707474	mozrunner::runner	INFO	Running command: "C:\\Program Files\\Mozilla Firefox\\firefox.exe" "--marionette" "--remote-debugging-port" "62586" "--remote-allow-hosts" "localhost" "-no-remote" "-profile" "C:\\Users\\cvhLa\\AppData\\Local\\Temp\\rust_mozprofileVBIWfv"
console.warn: services.settings: Ignoring preference override of remote settings server
console.warn: services.settings: Allow by setting MOZ_REMOTE_SETTINGS_DEVTOOLS=1 in the environment
Dynamically enable window occlusion 0
1729164707682	Marionette	INFO	Marionette enabled
1729164707795	Marionette	INFO	Listening on port 62595
WebDriver BiDi listening on ws://127.0.0.1:62586
Read port: 62595
1729164707959	RemoteAgent	WARN	TLS certificate errors will be ignored for this session
console.error: (new NotFoundError("Could not create directory `C:\\Users\\User\\Desktop\\User input (for direct)' (NS_ERROR_FILE_NOT_FOUND)", (void 0)))
console.error: (new NotFoundError("Could not create directory `C:\\Users\\User\\Desktop\\User input (for direct)' (NS_ERROR_FILE_NOT_FOUND)", (void 0)))
console.warn: WindowsJumpLists: "Failed to fetch favicon for " "https://ot2.lacdr.leidenuniv.nl/ot2/MVPlate/" ({})
console.warn: WindowsJumpLists: "Failed to fetch favicon for " "https://ot2.lacdr.leidenuniv.nl/ot2/MVPlate/session/e80121e824f2ae9a50b0a4856e9e63d5/download/guide?w=" ({})
console.warn: WindowsJumpLists: "Failed to fetch favicon for " "https://ot2.lacdr.leidenuniv.nl/ot2/MVPlate/session/e80121e824f2ae9a50b0a4856e9e63d5/download/d_OT2?w=" ({})
by setting MOZ_REMOTE_SETTINGS_DEVTOOLS=1 in the environment
Dynamically enable window occlusion 0
1729164808959	Marionette	INFO	Marionette enabled
1729164809072	Marionette	INFO	Listening on port 62736
WebDriver BiDi listening on ws://127.0.0.1:62725
Read port: 62736
1729164809185	RemoteAgent	WARN	TLS certificate errors will be ignored for this session
console.error: (new NotFoundError("Could not create directory `C:\\Users\\User\\Desktop\\User input (for direct)' (NS_ERROR_FILE_NOT_FOUND)", (void 0)))
console.error: (new NotFoundError("Could not create directory `C:\\Users\\User\\Desktop\\User input (for direct)' (NS_ERROR_FILE_NOT_FOUND)", (void 0)))
console.error: (new NotFoundError("Could not create directory `C:\\Users\\User\\Desktop\\User input (for direct)' (NS_ERROR_FILE_NOT_FOUND)", (void 0)))
1729164826914	Marionette	INFO	Stopped listening on port 62736
Dynamically enable window occlusion 1
